Mar 21, 2019 7:31:40 PM Main main
INFO: 
-(1.0 x 2.0 x 3.0 x 4.0)+(1.0 x 2.0 x 3.0)+(1.0 x 2.0 x 4.0)-(1.0 x 2.0)+(1.0 x 3.0 x 4.0)-(1.0 x 3.0)-(1.0 x 4.0)+(1.0)+(2.0 x 3.0 x 4.0)-(2.0 x 3.0)-(2.0 x 4.0)+(2.0)-(3.0 x 4.0)+(3.0)+(4.0)
Mar 21, 2019 7:39:13 PM Main main
INFO: 
-(1.0 x 2.0 x 3.0 x 4.0)+(1.0 x 2.0 x 3.0)+(1.0 x 2.0 x 4.0)-(1.0 x 2.0)+(1.0 x 3.0 x 4.0)-(1.0 x 3.0)-(1.0 x 4.0)+(1.0)+(2.0 x 3.0 x 4.0)-(2.0 x 3.0)-(2.0 x 4.0)+(2.0)-(3.0 x 4.0)+(3.0)+(4.0)
Mar 22, 2019 10:28:22 AM Main main
INFO: 
-(1.0 x 2.0 x 3.0 x 4.0)+(1.0 x 2.0 x 3.0)+(1.0 x 2.0 x 4.0)-(1.0 x 2.0)+(1.0 x 3.0 x 4.0)-(1.0 x 3.0)-(1.0 x 4.0)+(1.0)+(2.0 x 3.0 x 4.0)-(2.0 x 3.0)-(2.0 x 4.0)+(2.0)-(3.0 x 4.0)+(3.0)+(4.0)
Mar 22, 2019 10:31:59 AM Main main
INFO: 
-(1.0 x 2.0 x 3.0 x 4.0)+(1.0 x 2.0 x 3.0)+(1.0 x 2.0 x 4.0)-(1.0 x 2.0)+(1.0 x 3.0 x 4.0)-(1.0 x 3.0)-(1.0 x 4.0)+(1.0)+(2.0 x 3.0 x 4.0)-(2.0 x 3.0)-(2.0 x 4.0)+(2.0)-(3.0 x 4.0)+(3.0)+(4.0)
Mar 22, 2019 10:36:11 AM Main main
INFO: 
-(1.0 x 2.0 x 3.0 x 4.0)+(1.0 x 2.0 x 3.0)+(1.0 x 2.0 x 4.0)-(1.0 x 2.0)+(1.0 x 3.0 x 4.0)-(1.0 x 3.0)-(1.0 x 4.0)+(1.0)+(2.0 x 3.0 x 4.0)-(2.0 x 3.0)-(2.0 x 4.0)+(2.0)-(3.0 x 4.0)+(3.0)+(4.0)
Mar 22, 2019 10:36:31 AM Main main
INFO: 
+(2.0 x 4.0 x 6.0)-(2.0 x 4.0)-(2.0 x 6.0)+(2.0)-(4.0 x 6.0)+(4.0)+(6.0)
Mar 22, 2019 11:11:33 AM Main main
INFO: 16.0
Mar 22, 2019 11:29:53 AM Main main
INFO: 16.0
Mar 22, 2019 11:30:28 AM Main main
INFO: 16.0
Mar 22, 2019 11:39:53 AM Main main
INFO: 16.0
Mar. 23, 2019 1:57:54 PM Main main
INFO: java.util.stream.ReferencePipeline$Head@1bce4f0a
Mar. 23, 2019 1:58:18 PM Main main
INFO: +(1.0)+(2.0)+(3.0)+(4.0)-(1.0 × 2.0)-(1.0 × 3.0)-(1.0 × 4.0)-(2.0 × 3.0)-(2.0 × 4.0)-(3.0 × 4.0)+(1.0 × 2.0 × 3.0)+(1.0 × 2.0 × 4.0)+(1.0 × 3.0 × 4.0)+(2.0 × 3.0 × 4.0)-(1.0 × 2.0 × 3.0 × 4.0)
Mar. 23, 2019 2:10:18 PM Main main
INFO: +(2.0)+(4.0)+(6.0)-(2.0 × 4.0)-(2.0 × 6.0)-(4.0 × 6.0)+(2.0 × 4.0 × 6.0)
Mar. 24, 2019 10:40:53 PM Main main
INFO: +(2.0)+(4.0)+(6.0)-(2.0 × 4.0)-(2.0 × 6.0)-(4.0 × 6.0)+(2.0 × 4.0 × 6.0)
Mar. 24, 2019 11:02:04 PM Main main
INFO: +(2.0)+(4.0)+(6.0)-(2.0 × 4.0)-(2.0 × 6.0)-(4.0 × 6.0)+(2.0 × 4.0 × 6.0)
